<?xml version="1.0" encoding="UTF-8"?>
<!-- Generated by org.testng.reporters.JUnitReportReporter -->
<testsuite hostname="HeyGorgeous" failures="0" tests="3" name="seleniumClass.TestNG5" time="8.090" errors="0" timestamp="2024-05-30T23:12:26 IST" skipped="0">
  <testcase classname="seleniumClass.TestNG5" name="loginCheck" time="2.705"/>
  <testcase classname="seleniumClass.TestNG5" name="loginCheck" time="2.687"/>
  <testcase classname="seleniumClass.TestNG5" name="loginCheck" time="2.698"/>
</testsuite> <!-- seleniumClass.TestNG5 -->
