<?xml version="1.0" encoding="UTF-8"?>
<!-- Generated by org.testng.reporters.JUnitReportReporter -->
<testsuite hostname="HeyGorgeous" failures="0" tests="3" name="testNGGroups.TestNGGroup1" time="0.014" errors="0" timestamp="2024-06-04T22:28:34 IST" skipped="0">
  <testcase classname="testNGGroups.TestNGGroup1" name="test1" time="0.010"/>
  <testcase classname="testNGGroups.TestNGGroup1" name="test3" time="0.002"/>
  <testcase classname="testNGGroups.TestNGGroup1" name="test4" time="0.002"/>
</testsuite> <!-- testNGGroups.TestNGGroup1 -->
