<?xml version="1.0" encoding="UTF-8"?>
<!-- Generated by org.testng.reporters.JUnitReportReporter -->
<testsuite hostname="HeyGorgeous" failures="0" tests="2" name="seleniumClass.TestNG3" time="0.002" errors="0" timestamp="2024-05-30T22:36:56 IST" skipped="2">
  <testcase classname="seleniumClass.TestNG3" name="b3" time="0.002">
    <skipped/>
  </testcase> <!-- b3 -->
  <testcase classname="seleniumClass.TestNG3" name="a">
    <skipped/>
  </testcase> <!-- a -->
</testsuite> <!-- seleniumClass.TestNG3 -->
