<?xml version="1.0" encoding="UTF-8"?>
<!-- Generated by org.testng.reporters.JUnitReportReporter -->
<testsuite hostname="HeyGorgeous" failures="0" tests="11" name="tests.FacebookLoginTest" time="53.576" errors="0" timestamp="2024-06-06T22:28:52 IST" skipped="0">
  <testcase classname="tests.FacebookLoginTest" name="testFacebookLogin" time="8.920"/>
  <testcase classname="tests.FacebookLoginTest" name="testFacebookLogin" time="5.356"/>
  <testcase classname="tests.FacebookLoginTest" name="testURLValidation" time="3.408"/>
  <testcase classname="tests.FacebookLoginTest" name="testCreateNewAccountButtonValidation" time="4.167"/>
  <testcase classname="tests.FacebookLoginTest" name="testInputFieldValidation" time="3.698"/>
  <testcase classname="tests.FacebookLoginTest" name="testTitleValidation" time="3.668"/>
  <testcase classname="tests.FacebookLoginTest" name="testFacebookLogin" time="5.197"/>
  <testcase classname="tests.FacebookLoginTest" name="testFacebookLogin" time="5.110"/>
  <testcase classname="tests.FacebookLoginTest" name="testFacebookLogin" time="5.279"/>
  <testcase classname="tests.FacebookLoginTest" name="testFacebookLogin" time="5.007"/>
  <testcase classname="tests.FacebookLoginTest" name="testLoginButtonValidation" time="3.766"/>
</testsuite> <!-- tests.FacebookLoginTest -->
