<?xml version="1.0" encoding="UTF-8"?>
<!-- Generated by org.testng.reporters.JUnitReportReporter -->
<testsuite hostname="HeyGorgeous" failures="0" tests="1" name="seleniumClass.Assertion1" time="3.537" errors="0" timestamp="2024-06-04T22:56:42 IST" skipped="0">
  <testcase classname="seleniumClass.Assertion1" name="validateTextOnLandingPage" time="3.537"/>
</testsuite> <!-- seleniumClass.Assertion1 -->
