<?xml version="1.0" encoding="UTF-8"?>
<!-- Generated by org.testng.reporters.JUnitReportReporter -->
<testsuite hostname="HeyGorgeous" failures="0" tests="1" name="seleniumClass.TestNG2" time="0.010" errors="0" timestamp="2024-06-04T21:28:51 IST" skipped="0">
  <testcase classname="seleniumClass.TestNG2" name="b1" time="0.010"/>
</testsuite> <!-- seleniumClass.TestNG2 -->
