<?xml version="1.0" encoding="UTF-8"?>
<!-- Generated by org.testng.reporters.JUnitReportReporter -->
<testsuite hostname="HeyGorgeous" failures="0" tests="3" name="seleniumClass.TestClass" time="0.015" errors="0" timestamp="2024-05-30T22:35:43 IST" skipped="0">
  <testcase classname="seleniumClass.TestClass" name="a" time="0.008"/>
  <testcase classname="seleniumClass.TestClass" name="test2" time="0.004"/>
  <testcase classname="seleniumClass.TestClass" name="test1" time="0.003"/>
</testsuite> <!-- seleniumClass.TestClass -->
